Mono path[0] = 'C:/Program Files (x86)/Steam/steamapps/common/Valheim/valheim_Data/Managed'
Mono config path = 'C:/Program Files (x86)/Steam/steamapps/common/Valheim/MonoBleedingEdge/etc'
Initialize engine version: 2019.4.16f1 (e05b6e02d63e)
[Subsystems] Discovering subsystems at path C:/Program Files (x86)/Steam/steamapps/common/Valheim/valheim_Data/UnitySubsystems
GfxDevice: creating device client; threaded=1
Direct3D:
    Version:  Direct3D 11.0 [level 11.1]
    Renderer: AMD Radeon Pro 5500M (ID=0x7340)
    Vendor:   
    VRAM:     8150 MB
    Driver:   27.20.11036.1002
Begin MonoManager ReloadAssembly
- Completed reload, in  2.021 seconds
D3D11 device created for Microsoft Media Foundation video decoding.
<RI> Initializing input.
<RI> Input initialized.
<RI> Initialized touch support.
UnloadTime: 13.951600 ms
02/17/2021 14:03:42: Starting to load scene:start
 
(Filename: C:\buildslave\unity\build\Runtime/Export/Debug/Debug.bindings.h Line: 35)

Couldn't create a Convex Mesh from source mesh "RearBig" within the maximum polygons limit (256). The partial hull will be used. Consider simplifying your mesh. 
(Filename:  Line: 91)

Unloading 6 Unused Serialized files (Serialized files now loaded: 0)
Setting up 8 worker threads for Enlighten.
  Thread -> id: 8bc -> priority: 1 
  Thread -> id: 28d0 -> priority: 1 
  Thread -> id: 2784 -> priority: 1 
  Thread -> id: 704 -> priority: 1 
  Thread -> id: 824 -> priority: 1 
  Thread -> id: 2bcc -> priority: 1 
  Thread -> id: 2bc8 -> priority: 1 
  Thread -> id: 30c -> priority: 1 
UnloadTime: 8.595500 ms
Only custom filters can be played. Please add a custom filter or an audioclip to the audiosource (Amb_MainMenu). 
(Filename:  Line: 509)

Initializing Google Analytics 0.2. 
(Filename: C:\buildslave\unity\build\Runtime/Export/Debug/Debug.bindings.h Line: 35)

02/17/2021 14:04:02: Initializing world generator seed: ( 0 )   menu:True  worldgen version:1
 
(Filename: C:\buildslave\unity\build\Runtime/Export/Debug/Debug.bindings.h Line: 35)

02/17/2021 14:04:02: Using mountain distance: 1000
 
(Filename: C:\buildslave\unity\build\Runtime/Export/Debug/Debug.bindings.h Line: 35)

02/17/2021 14:04:02: Render threading mode:MultiThreaded
 
(Filename: C:\buildslave\unity\build\Runtime/Export/Debug/Debug.bindings.h Line: 35)

02/17/2021 14:04:02: Using environment steamid 892970
 
(Filename: C:\buildslave\unity\build\Runtime/Export/Debug/Debug.bindings.h Line: 35)

02/17/2021 14:04:02: Using steam APPID:892970
 
(Filename: C:\buildslave\unity\build\Runtime/Export/Debug/Debug.bindings.h Line: 35)

02/17/2021 14:04:02: Steam initialized, persona:CHENLOLA
 
(Filename: C:\buildslave\unity\build\Runtime/Export/Debug/Debug.bindings.h Line: 35)

02/17/2021 14:04:02: Missing audio clip in music respawn
 
(Filename: C:\buildslave\unity\build\Runtime/Export/Debug/Debug.bindings.h Line: 35)

02/17/2021 14:04:02: Checking for installed DLCs
 
(Filename: C:\buildslave\unity\build\Runtime/Export/Debug/Debug.bindings.h Line: 35)

02/17/2021 14:04:02: DLC:beta installed:False
 
(Filename: C:\buildslave\unity\build\Runtime/Export/Debug/Debug.bindings.h Line: 35)

02/17/2021 14:04:02: Builder started
 
(Filename: C:\buildslave\unity\build\Runtime/Export/Debug/Debug.bindings.h Line: 35)

02/17/2021 14:04:03: Loaded localization English
 
(Filename: C:\buildslave\unity\build\Runtime/Export/Debug/Debug.bindings.h Line: 35)

02/17/2021 14:04:03: Loaded localization Chinese
 
(Filename: C:\buildslave\unity\build\Runtime/Export/Debug/Debug.bindings.h Line: 35)

02/17/2021 14:04:03: ARG 0 C:\Program Files (x86)\Steam\steamapps\common\Valheim\valheim.exe
 
(Filename: C:\buildslave\unity\build\Runtime/Export/Debug/Debug.bindings.h Line: 35)

02/17/2021 14:04:03: ARG 1 +connect_lobby
 
(Filename: C:\buildslave\unity\build\Runtime/Export/Debug/Debug.bindings.h Line: 35)

02/17/2021 14:04:03: Failed to get lobby data for lobby 109775241025489670, requesting lobby data
 
(Filename: C:\buildslave\unity\build\Runtime/Export/Debug/Debug.bindings.h Line: 35)

02/17/2021 14:04:03: ARG 2 109775241025489670
 
(Filename: C:\buildslave\unity\build\Runtime/Export/Debug/Debug.bindings.h Line: 35)

02/17/2021 14:04:03: loading chenlola
 
(Filename: C:\buildslave\unity\build\Runtime/Export/Debug/Debug.bindings.h Line: 35)

02/17/2021 14:04:03: Data size:16785373  hash size:64
 
(Filename: C:\buildslave\unity\build\Runtime/Export/Debug/Debug.bindings.h Line: 35)

02/17/2021 14:04:03: Vis equip model set to 1
 
(Filename: C:\buildslave\unity\build\Runtime/Export/Debug/Debug.bindings.h Line: 35)


Unloading 17 unused Assets to reduce memory usage. Loaded Objects now: 87268.
Total: 84.818000 ms (FindLiveObjects: 5.251900 ms CreateObjectMapping: 12.272800 ms MarkObjects: 66.905000 ms  DeleteObjects: 0.387600 ms)

02/17/2021 14:04:06: Got lobby data, for queued lobby
 
(Filename: C:\buildslave\unity\build\Runtime/Export/Debug/Debug.bindings.h Line: 35)

02/17/2021 14:04:06: show character selection
 
(Filename: C:\buildslave\unity\build\Runtime/Export/Debug/Debug.bindings.h Line: 35)

02/17/2021 14:04:09: OnCharacterStart
 
(Filename: C:\buildslave\unity\build\Runtime/Export/Debug/Debug.bindings.h Line: 35)

Unloading 6 Unused Serialized files (Serialized files now loaded: 0)
UnloadTime: 12.664000 ms
02/17/2021 14:04:11: Loading player profile chenlola
 
(Filename: C:\buildslave\unity\build\Runtime/Export/Debug/Debug.bindings.h Line: 35)

02/17/2021 14:04:11: Data size:16785373  hash size:64
 
(Filename: C:\buildslave\unity\build\Runtime/Export/Debug/Debug.bindings.h Line: 35)

02/17/2021 14:04:11: Zonesystem Awake 316
 
(Filename: C:\buildslave\unity\build\Runtime/Export/Debug/Debug.bindings.h Line: 35)

02/17/2021 14:04:11: DungeonDB Awake 316
 
(Filename: C:\buildslave\unity\build\Runtime/Export/Debug/Debug.bindings.h Line: 35)

02/17/2021 14:04:11: Steam initialized, persona:CHENLOLA
 
(Filename: C:\buildslave\unity\build\Runtime/Export/Debug/Debug.bindings.h Line: 35)

02/17/2021 14:04:11: Connecting to server 76561198980328615
 
(Filename: C:\buildslave\unity\build\Runtime/Export/Debug/Debug.bindings.h Line: 35)

02/17/2021 14:04:11: ZSteamSocket  Registering global callbacks
 
(Filename: C:\buildslave\unity\build\Runtime/Export/Debug/Debug.bindings.h Line: 35)

02/17/2021 14:04:11: Build settings:10
 
(Filename: C:\buildslave\unity\build\Runtime/Export/Debug/Debug.bindings.h Line: 35)

02/17/2021 14:04:11: Removing -1233507428
 
(Filename: C:\buildslave\unity\build\Runtime/Export/Debug/Debug.bindings.h Line: 35)

02/17/2021 14:04:11: Removing 1883198027
 
(Filename: C:\buildslave\unity\build\Runtime/Export/Debug/Debug.bindings.h Line: 35)

02/17/2021 14:04:11: Removing 868418350
 
(Filename: C:\buildslave\unity\build\Runtime/Export/Debug/Debug.bindings.h Line: 35)

02/17/2021 14:04:11: Removing -535269195
 
(Filename: C:\buildslave\unity\build\Runtime/Export/Debug/Debug.bindings.h Line: 35)

02/17/2021 14:04:11: Removing 1547815568
 
(Filename: C:\buildslave\unity\build\Runtime/Export/Debug/Debug.bindings.h Line: 35)

02/17/2021 14:04:11: Removing -359949137
 
(Filename: C:\buildslave\unity\build\Runtime/Export/Debug/Debug.bindings.h Line: 35)

02/17/2021 14:04:11: Removing 319464002
 
(Filename: C:\buildslave\unity\build\Runtime/Export/Debug/Debug.bindings.h Line: 35)

02/17/2021 14:04:11: Removing 1225882809
 
(Filename: C:\buildslave\unity\build\Runtime/Export/Debug/Debug.bindings.h Line: 35)

02/17/2021 14:04:11: Removing 404029124
 
(Filename: C:\buildslave\unity\build\Runtime/Export/Debug/Debug.bindings.h Line: 35)

02/17/2021 14:04:11: Audioman already exist, destroying self
 
(Filename: C:\buildslave\unity\build\Runtime/Export/Debug/Debug.bindings.h Line: 35)

02/17/2021 14:04:11: Checking for installed DLCs
 
(Filename: C:\buildslave\unity\build\Runtime/Export/Debug/Debug.bindings.h Line: 35)

02/17/2021 14:04:11: DLC:beta installed:False
 
(Filename: C:\buildslave\unity\build\Runtime/Export/Debug/Debug.bindings.h Line: 35)


Unloading 496 unused Assets to reduce memory usage. Loaded Objects now: 86937.
Total: 88.922600 ms (FindLiveObjects: 5.167200 ms CreateObjectMapping: 11.356700 ms MarkObjects: 65.849400 ms  DeleteObjects: 6.548600 ms)

02/17/2021 14:04:16: Zonesystem Start 316
 
(Filename: C:\buildslave\unity\build\Runtime/Export/Debug/Debug.bindings.h Line: 35)

02/17/2021 14:04:16: DungeonDB Start 316
 
(Filename: C:\buildslave\unity\build\Runtime/Export/Debug/Debug.bindings.h Line: 35)

02/17/2021 14:04:20: VERSION check their:0.143.5  mine:0.143.5
 
(Filename: C:\buildslave\unity\build\Runtime/Export/Debug/Debug.bindings.h Line: 35)

02/17/2021 14:04:20: Initializing world generator seed:C88f0NXGi3 ( 769048932 )   menu:False  worldgen version:1
 
(Filename: C:\buildslave\unity\build\Runtime/Export/Debug/Debug.bindings.h Line: 35)

02/17/2021 14:04:20: Using mountain distance: 1000
 
(Filename: C:\buildslave\unity\build\Runtime/Export/Debug/Debug.bindings.h Line: 35)

02/17/2021 14:04:20: Found 586 mountain points
 
(Filename: C:\buildslave\unity\build\Runtime/Export/Debug/Debug.bindings.h Line: 35)

02/17/2021 14:04:20: Remaining mountains:72
 
(Filename: C:\buildslave\unity\build\Runtime/Export/Debug/Debug.bindings.h Line: 35)

02/17/2021 14:04:20: Calc time 42.885 ms
 
(Filename: C:\buildslave\unity\build\Runtime/Export/Debug/Debug.bindings.h Line: 35)

02/17/2021 14:04:20: Found 8115 lake points
 
(Filename: C:\buildslave\unity\build\Runtime/Export/Debug/Debug.bindings.h Line: 35)

02/17/2021 14:04:24: Remaining lakes:116
 
(Filename: C:\buildslave\unity\build\Runtime/Export/Debug/Debug.bindings.h Line: 35)

02/17/2021 14:04:24: Calc time 3783.3968 ms
 
(Filename: C:\buildslave\unity\build\Runtime/Export/Debug/Debug.bindings.h Line: 35)

02/17/2021 14:04:24: Rivers:148
 
(Filename: C:\buildslave\unity\build\Runtime/Export/Debug/Debug.bindings.h Line: 35)

02/17/2021 14:04:24: River buckets 14120
 
(Filename: C:\buildslave\unity\build\Runtime/Export/Debug/Debug.bindings.h Line: 35)

02/17/2021 14:04:24: River render time 418.8803 ms
 
(Filename: C:\buildslave\unity\build\Runtime/Export/Debug/Debug.bindings.h Line: 35)

02/17/2021 14:04:24: River Calc time 438.8273 ms
 
(Filename: C:\buildslave\unity\build\Runtime/Export/Debug/Debug.bindings.h Line: 35)

02/17/2021 14:04:26: River buckets 22896
 
(Filename: C:\buildslave\unity\build\Runtime/Export/Debug/Debug.bindings.h Line: 35)

02/17/2021 14:04:26: River render time 748.0014 ms
 
(Filename: C:\buildslave\unity\build\Runtime/Export/Debug/Debug.bindings.h Line: 35)

02/17/2021 14:04:26: Placed 1858 streams
 
(Filename: C:\buildslave\unity\build\Runtime/Export/Debug/Debug.bindings.h Line: 35)

02/17/2021 14:04:26: Stream Calc time 1805.1763 ms
 
(Filename: C:\buildslave\unity\build\Runtime/Export/Debug/Debug.bindings.h Line: 35)

02/17/2021 14:04:26: client got keys 3
 
(Filename: C:\buildslave\unity\build\Runtime/Export/Debug/Debug.bindings.h Line: 35)

02/17/2021 14:04:26: client got location icons
 
(Filename: C:\buildslave\unity\build\Runtime/Export/Debug/Debug.bindings.h Line: 35)

02/17/2021 14:04:26: Icons:2
 
(Filename: C:\buildslave\unity\build\Runtime/Export/Debug/Debug.bindings.h Line: 35)

02/17/2021 14:04:26: Session auth respons callback
 
(Filename: C:\buildslave\unity\build\Runtime/Export/Debug/Debug.bindings.h Line: 35)

02/17/2021 14:04:48: Starting respawn
 
(Filename: C:\buildslave\unity\build\Runtime/Export/Debug/Debug.bindings.h Line: 35)

02/17/2021 14:04:48: tip:$loadscreen_tip16
 
(Filename: C:\buildslave\unity\build\Runtime/Export/Debug/Debug.bindings.h Line: 35)

02/17/2021 14:04:48: Force generaeting hmap (-896.0, 0.0, 2112.0)
 
(Filename: C:\buildslave\unity\build\Runtime/Export/Debug/Debug.bindings.h Line: 35)

02/17/2021 14:04:53: Loading dungeon
 
(Filename: C:\buildslave\unity\build\Runtime/Export/Debug/Debug.bindings.h Line: 35)

02/17/2021 14:04:53: Dungeon loaded 20
 
(Filename: C:\buildslave\unity\build\Runtime/Export/Debug/Debug.bindings.h Line: 35)

02/17/2021 14:04:53: Dungeon load time 46.8735 ms
 
(Filename: C:\buildslave\unity\build\Runtime/Export/Debug/Debug.bindings.h Line: 35)

02/17/2021 14:04:55: Spawned after 8.019994
 
(Filename: C:\buildslave\unity\build\Runtime/Export/Debug/Debug.bindings.h Line: 35)

02/17/2021 14:04:55: Vis equip model set to 1
 
(Filename: C:\buildslave\unity\build\Runtime/Export/Debug/Debug.bindings.h Line: 35)

02/17/2021 14:04:55: Minimap: Adding unique location (-3.3, 79.3, 6.6)
 
(Filename: C:\buildslave\unity\build\Runtime/Export/Debug/Debug.bindings.h Line: 35)

02/17/2021 14:04:55: Minimap: Adding unique location (-1274.7, 37.9, 1336.3)
 
(Filename: C:\buildslave\unity\build\Runtime/Export/Debug/Debug.bindings.h Line: 35)

02/17/2021 14:04:56: Spawned Leech x 1
 
(Filename: C:\buildslave\unity\build\Runtime/Export/Debug/Debug.bindings.h Line: 35)

02/17/2021 14:04:56: Spawned Leech x 1
 
(Filename: C:\buildslave\unity\build\Runtime/Export/Debug/Debug.bindings.h Line: 35)

02/17/2021 14:04:56: Spawned Leech x 1
 
(Filename: C:\buildslave\unity\build\Runtime/Export/Debug/Debug.bindings.h Line: 35)

02/17/2021 14:04:57: Resumed music blackforest at 0
 
(Filename: C:\buildslave\unity\build\Runtime/Export/Debug/Debug.bindings.h Line: 35)

02/17/2021 14:06:03: Right back item SwordBronze
 
(Filename: C:\buildslave\unity\build\Runtime/Export/Debug/Debug.bindings.h Line: 35)

02/17/2021 14:07:18: Right back item 
 
(Filename: C:\buildslave\unity\build\Runtime/Export/Debug/Debug.bindings.h Line: 35)

02/17/2021 14:08:31: UI Group status changed MenuRoot = False
 
(Filename: C:\buildslave\unity\build\Runtime/Export/Debug/Debug.bindings.h Line: 35)

02/17/2021 14:08:31: Game - OnApplicationQuit
 
(Filename: C:\buildslave\unity\build\Runtime/Export/Debug/Debug.bindings.h Line: 35)

02/17/2021 14:08:32: ZNet Shutdown
 
(Filename: C:\buildslave\unity\build\Runtime/Export/Debug/Debug.bindings.h Line: 35)

02/17/2021 14:08:32: Flushed 34 objects
 
(Filename: C:\buildslave\unity\build\Runtime/Export/Debug/Debug.bindings.h Line: 35)

02/17/2021 14:08:32: Sending disconnect msg
 
(Filename: C:\buildslave\unity\build\Runtime/Export/Debug/Debug.bindings.h Line: 35)

02/17/2021 14:08:32: Sent to 76561198980328615
 
(Filename: C:\buildslave\unity\build\Runtime/Export/Debug/Debug.bindings.h Line: 35)

02/17/2021 14:08:32: Released session ticket
 
(Filename: C:\buildslave\unity\build\Runtime/Export/Debug/Debug.bindings.h Line: 35)

02/17/2021 14:08:32: Disposing socket
 
(Filename: C:\buildslave\unity\build\Runtime/Export/Debug/Debug.bindings.h Line: 35)

02/17/2021 14:08:32: Closing socket 76561198980328615
 
(Filename: C:\buildslave\unity\build\Runtime/Export/Debug/Debug.bindings.h Line: 35)

02/17/2021 14:08:32:   send queue size:0
 
(Filename: C:\buildslave\unity\build\Runtime/Export/Debug/Debug.bindings.h Line: 35)

02/17/2021 14:08:33:   P2P state, bytes in send queue:0
 
(Filename: C:\buildslave\unity\build\Runtime/Export/Debug/Debug.bindings.h Line: 35)

02/17/2021 14:08:33: Last socket, unregistering callback
 
(Filename: C:\buildslave\unity\build\Runtime/Export/Debug/Debug.bindings.h Line: 35)

02/17/2021 14:08:33: ZSteamSocket  UnregisterGlobalCallbacks, existing sockets:0
 
(Filename: C:\buildslave\unity\build\Runtime/Export/Debug/Debug.bindings.h Line: 35)

02/17/2021 14:08:33: Disposing socket
 
(Filename: C:\buildslave\unity\build\Runtime/Export/Debug/Debug.bindings.h Line: 35)

02/17/2021 14:08:33: Closing socket 0
 
(Filename: C:\buildslave\unity\build\Runtime/Export/Debug/Debug.bindings.h Line: 35)

02/17/2021 14:08:33: Last socket, unregistering callback
 
(Filename: C:\buildslave\unity\build\Runtime/Export/Debug/Debug.bindings.h Line: 35)

02/17/2021 14:08:33: ZSteamSocket  UnregisterGlobalCallbacks, existing sockets:0
 
(Filename: C:\buildslave\unity\build\Runtime/Export/Debug/Debug.bindings.h Line: 35)

02/17/2021 14:08:33: Local player destroyed
 
(Filename: C:\buildslave\unity\build\Runtime/Export/Debug/Debug.bindings.h Line: 35)

02/17/2021 14:08:33: ZNet OnDestroy
 
(Filename: C:\buildslave\unity\build\Runtime/Export/Debug/Debug.bindings.h Line: 35)

02/17/2021 14:08:33: Net scene destroyed
 
(Filename: C:\buildslave\unity\build\Runtime/Export/Debug/Debug.bindings.h Line: 35)

02/17/2021 14:08:34: Steam manager on destroy
 
(Filename: C:\buildslave\unity\build\Runtime/Export/Debug/Debug.bindings.h Line: 35)

